<?xml version="1.0" encoding="UTF-8"?>
<!-- Generated by org.testng.reporters.JUnitXMLReporter -->
<testsuite ignored="0" hostname="AdiNivi" failures="0" tests="1" name="Demo" time="101.024" errors="0" timestamp="31 Mar 2022 13:26:28 GMT">
  <testcase classname="testRunners.Demo_SmokeTestRunner" name="@AfterClass setup" time="0.024">
    <failure type="java.lang.NullPointerException" message="Cannot invoke &amp;quot;String.toString()&amp;quot; because the return value of &amp;quot;java.lang.System.getProperty(String)&amp;quot; is null">
      <![CDATA[java.lang.NullPointerException: Cannot invoke "String.toString()" because the return value of "java.lang.System.getProperty(String)" is null
at testRunners.Demo_SmokeTestRunner.setup(Demo_SmokeTestRunner.java:32)
at java.base/java.util.concurrent.ThreadPoolExecutor.runWorker(ThreadPoolExecutor.java:1130)
at java.base/java.util.concurrent.ThreadPoolExecutor$Worker.run(ThreadPoolExecutor.java:630)
at java.base/java.lang.Thread.run(Thread.java:832)
... Removed 11 stack frames]]>
    </failure>
  </testcase> <!-- @AfterClass setup -->
  <testcase classname="cucumber.api.testng.AbstractTestNGCucumberTests" name="feature" time="99.307"/>
</testsuite> <!-- Demo -->
