<?xml version="1.0" encoding="UTF-8"?>
<testng-results ignored="0" total="1" passed="1" failed="0" skipped="0">
  <reporter-output>
  </reporter-output>
  <suite started-at="2022-03-31T13:24:47Z" name="Demo" finished-at="2022-03-31T13:26:28Z" duration-ms="101024">
    <groups>
      <group name="cucumber">
        <method signature="AbstractTestNGCucumberTests.feature(cucumber.api.testng.CucumberFeatureWrapper)[pri:0, instance:testRunners.Demo_SmokeTestRunner@76ed1b7c]" name="feature" class="cucumber.api.testng.AbstractTestNGCucumberTests"/>
      </group> <!-- cucumber -->
    </groups>
    <test started-at="2022-03-31T13:24:47Z" name="Demo" finished-at="2022-03-31T13:26:28Z" duration-ms="101024">
      <class name="testRunners.Demo_SmokeTestRunner">
        <test-method is-config="true" signature="setUpClass()[pri:0, instance:testRunners.Demo_SmokeTestRunner@76ed1b7c]" started-at="2022-03-31T13:24:47Z" name="setUpClass" finished-at="2022-03-31T13:24:48Z" duration-ms="806" status="PASS">
          <reporter-output>
          </reporter-output>
        </test-method> <!-- setUpClass -->
        <test-method signature="feature(cucumber.api.testng.CucumberFeatureWrapper)[pri:0, instance:testRunners.Demo_SmokeTestRunner@76ed1b7c]" started-at="2022-03-31T13:24:48Z" name="feature" description="Runs Cucumber Feature" data-provider="features" finished-at="2022-03-31T13:26:27Z" duration-ms="99307" status="PASS">
          <params>
            <param index="0">
              <value>
                <![CDATA[Demo Smoke test execution]]>
              </value>
            </param>
          </params>
          <reporter-output>
          </reporter-output>
        </test-method> <!-- feature -->
        <test-method is-config="true" signature="setup()[pri:0, instance:testRunners.Demo_SmokeTestRunner@76ed1b7c]" started-at="2022-03-31T13:26:27Z" name="setup" finished-at="2022-03-31T13:26:27Z" duration-ms="24" status="FAIL">
          <exception class="java.lang.NullPointerException">
            <message>
              <![CDATA[Cannot invoke "String.toString()" because the return value of "java.lang.System.getProperty(String)" is null]]>
            </message>
            <full-stacktrace>
              <![CDATA[java.lang.NullPointerException: Cannot invoke "String.toString()" because the return value of "java.lang.System.getProperty(String)" is null
at testRunners.Demo_SmokeTestRunner.setup(Demo_SmokeTestRunner.java:32)
at java.base/jdk.internal.reflect.NativeMethodAccessorImpl.invoke0(Native Method)
at java.base/jdk.internal.reflect.NativeMethodAccessorImpl.invoke(NativeMethodAccessorImpl.java:64)
at java.base/jdk.internal.reflect.DelegatingMethodAccessorImpl.invoke(DelegatingMethodAccessorImpl.java:43)
at java.base/java.lang.reflect.Method.invoke(Method.java:564)
at org.testng.internal.MethodInvocationHelper.invokeMethod(MethodInvocationHelper.java:124)
at org.testng.internal.MethodInvocationHelper.invokeMethodConsideringTimeout(MethodInvocationHelper.java:59)
at org.testng.internal.Invoker.invokeConfigurationMethod(Invoker.java:458)
at org.testng.internal.Invoker.invokeConfigurations(Invoker.java:222)
at org.testng.internal.Invoker.invokeConfigurations(Invoker.java:142)
at org.testng.internal.TestMethodWorker.invokeAfterClassMethods(TestMethodWorker.java:214)
at org.testng.internal.TestMethodWorker.run(TestMethodWorker.java:111)
at java.base/java.util.concurrent.ThreadPoolExecutor.runWorker(ThreadPoolExecutor.java:1130)
at java.base/java.util.concurrent.ThreadPoolExecutor$Worker.run(ThreadPoolExecutor.java:630)
at java.base/java.lang.Thread.run(Thread.java:832)
]]>
            </full-stacktrace>
          </exception> <!-- java.lang.NullPointerException -->
          <reporter-output>
          </reporter-output>
        </test-method> <!-- setup -->
        <test-method is-config="true" signature="tearDownClass()[pri:0, instance:testRunners.Demo_SmokeTestRunner@76ed1b7c]" started-at="2022-03-31T13:26:27Z" name="tearDownClass" finished-at="2022-03-31T13:26:28Z" duration-ms="577" status="PASS">
          <reporter-output>
          </reporter-output>
        </test-method> <!-- tearDownClass -->
      </class> <!-- testRunners.Demo_SmokeTestRunner -->
    </test> <!-- Demo -->
  </suite> <!-- Demo -->
</testng-results>
